[2020-04-19 17:28:43] | CInterfaceManager.cpp-L4678: CamCtrl[2020009], U3V SDKVersion(1020009), DriverVersion(0)
[2020-04-19 17:28:44] | CInterfaceManager.cpp-L1066: remalloc RecvBuf succeed, [2623488]
[2020-04-19 17:28:44] | CInterfaceManager.cpp-L4149: Camctrl DisplayThread Start, ThreadId[-1378375936]
[2020-04-19 17:28:44] | CInterfaceManager.cpp-L4335: Camctrl RecvThread Start, ThreadId[-1369983232]
[2020-04-19 17:29:34] | CInterfaceManager.cpp-L4678: CamCtrl[2020009], U3V SDKVersion(1020009), DriverVersion(0)
[2020-04-19 17:29:35] | CInterfaceManager.cpp-L1066: remalloc RecvBuf succeed, [2623488]
[2020-04-19 17:29:35] | CInterfaceManager.cpp-L4335: Camctrl RecvThread Start, ThreadId[695445248]
[2020-04-19 17:29:35] | CInterfaceManager.cpp-L4149: Camctrl DisplayThread Start, ThreadId[687052544]
[2020-04-19 17:31:11] | CInterfaceManager.cpp-L4678: CamCtrl[2020009], U3V SDKVersion(1020009), DriverVersion(0)
[2020-04-19 17:31:12] | CInterfaceManager.cpp-L1066: remalloc RecvBuf succeed, [2623488]
[2020-04-19 17:31:12] | CInterfaceManager.cpp-L4335: Camctrl RecvThread Start, ThreadId[-1322711296]
[2020-04-19 17:31:12] | CInterfaceManager.cpp-L4149: Camctrl DisplayThread Start, ThreadId[-1331104000]
[2020-04-19 17:32:26] | CInterfaceManager.cpp-L4678: CamCtrl[2020009], U3V SDKVersion(1020009), DriverVersion(0)
[2020-04-19 17:32:27] | CInterfaceManager.cpp-L1066: remalloc RecvBuf succeed, [2623488]
[2020-04-19 17:32:27] | CInterfaceManager.cpp-L4335: Camctrl RecvThread Start, ThreadId[493868800]
[2020-04-19 17:32:27] | CInterfaceManager.cpp-L4149: Camctrl DisplayThread Start, ThreadId[485476096]
[2020-04-19 17:32:59] | CInterfaceManager.cpp-L4678: CamCtrl[2020009], U3V SDKVersion(1020009), DriverVersion(0)
[2020-04-19 17:33:00] | CInterfaceManager.cpp-L1066: remalloc RecvBuf succeed, [2623488]
[2020-04-19 17:33:00] | CInterfaceManager.cpp-L4335: Camctrl RecvThread Start, ThreadId[-1551898880]
[2020-04-19 17:33:00] | CInterfaceManager.cpp-L4149: Camctrl DisplayThread Start, ThreadId[-1560291584]
[2020-04-19 17:33:31] | CInterfaceManager.cpp-L4678: CamCtrl[2020009], U3V SDKVersion(1020009), DriverVersion(0)
[2020-04-19 17:33:32] | CInterfaceManager.cpp-L1066: remalloc RecvBuf succeed, [2623488]
[2020-04-19 17:33:32] | CInterfaceManager.cpp-L4335: Camctrl RecvThread Start, ThreadId[1325389568]
[2020-04-19 17:33:32] | CInterfaceManager.cpp-L4149: Camctrl DisplayThread Start, ThreadId[1316996864]
[2020-04-19 17:34:44] | CInterfaceManager.cpp-L4678: CamCtrl[2020009], U3V SDKVersion(1020009), DriverVersion(0)
[2020-04-19 17:34:45] | CInterfaceManager.cpp-L1066: remalloc RecvBuf succeed, [2623488]
[2020-04-19 17:34:45] | CInterfaceManager.cpp-L4335: Camctrl RecvThread Start, ThreadId[-314964224]
[2020-04-19 17:34:45] | CInterfaceManager.cpp-L4149: Camctrl DisplayThread Start, ThreadId[-323356928]
[2020-04-19 17:35:37] | CInterfaceManager.cpp-L4678: CamCtrl[2020009], U3V SDKVersion(1020009), DriverVersion(0)
[2020-04-19 17:35:38] | CInterfaceManager.cpp-L1066: remalloc RecvBuf succeed, [2623488]
[2020-04-19 17:35:38] | CInterfaceManager.cpp-L4149: Camctrl DisplayThread Start, ThreadId[-83896576]
[2020-04-19 17:35:38] | CInterfaceManager.cpp-L4335: Camctrl RecvThread Start, ThreadId[-75503872]
[2020-04-19 17:36:00] | CInterfaceManager.cpp-L4678: CamCtrl[2020009], U3V SDKVersion(1020009), DriverVersion(0)
[2020-04-19 17:36:01] | CInterfaceManager.cpp-L1066: remalloc RecvBuf succeed, [2623488]
[2020-04-19 17:36:01] | CInterfaceManager.cpp-L4335: Camctrl RecvThread Start, ThreadId[-1300248832]
[2020-04-19 17:36:01] | CInterfaceManager.cpp-L4149: Camctrl DisplayThread Start, ThreadId[-1308641536]
[2020-04-19 17:36:13] | CInterfaceManager.cpp-L4678: CamCtrl[2020009], U3V SDKVersion(1020009), DriverVersion(0)
[2020-04-19 17:36:15] | CInterfaceManager.cpp-L1066: remalloc RecvBuf succeed, [2623488]
[2020-04-19 17:36:15] | CInterfaceManager.cpp-L4335: Camctrl RecvThread Start, ThreadId[-1560291584]
[2020-04-19 17:36:15] | CInterfaceManager.cpp-L4149: Camctrl DisplayThread Start, ThreadId[-1568684288]
[2020-04-19 17:41:05] | CInterfaceManager.cpp-L4678: CamCtrl[2020009], U3V SDKVersion(1020009), DriverVersion(0)
[2020-04-19 17:41:06] | CInterfaceManager.cpp-L1066: remalloc RecvBuf succeed, [2623488]
[2020-04-19 17:41:06] | CInterfaceManager.cpp-L4335: Camctrl RecvThread Start, ThreadId[939521792]
[2020-04-19 17:41:06] | CInterfaceManager.cpp-L4149: Camctrl DisplayThread Start, ThreadId[931129088]
[2020-04-19 17:42:14] | CInterfaceManager.cpp-L4678: CamCtrl[2020009], U3V SDKVersion(1020009), DriverVersion(0)
[2020-04-19 17:42:15] | CInterfaceManager.cpp-L1066: remalloc RecvBuf succeed, [2623488]
[2020-04-19 17:42:15] | CInterfaceManager.cpp-L4149: Camctrl DisplayThread Start, ThreadId[-1254705408]
[2020-04-19 17:42:15] | CInterfaceManager.cpp-L4335: Camctrl RecvThread Start, ThreadId[-1246312704]
[2020-04-19 17:43:08] | CInterfaceManager.cpp-L4678: CamCtrl[2020009], U3V SDKVersion(1020009), DriverVersion(0)
[2020-04-19 17:43:09] | CInterfaceManager.cpp-L1066: remalloc RecvBuf succeed, [2623488]
[2020-04-19 17:43:09] | CInterfaceManager.cpp-L4335: Camctrl RecvThread Start, ThreadId[-1368836352]
[2020-04-19 17:43:09] | CInterfaceManager.cpp-L4149: Camctrl DisplayThread Start, ThreadId[-1377229056]
[2020-04-19 17:43:48] | CInterfaceManager.cpp-L4678: CamCtrl[2020009], U3V SDKVersion(1020009), DriverVersion(0)
[2020-04-19 17:43:49] | CInterfaceManager.cpp-L1066: remalloc RecvBuf succeed, [2623488]
[2020-04-19 17:43:49] | CInterfaceManager.cpp-L4335: Camctrl RecvThread Start, ThreadId[502109952]
[2020-04-19 17:43:49] | CInterfaceManager.cpp-L4149: Camctrl DisplayThread Start, ThreadId[493717248]
[2020-04-19 17:44:20] | CInterfaceManager.cpp-L4678: CamCtrl[2020009], U3V SDKVersion(1020009), DriverVersion(0)
[2020-04-19 17:44:21] | CInterfaceManager.cpp-L1066: remalloc RecvBuf succeed, [2623488]
[2020-04-19 17:44:21] | CInterfaceManager.cpp-L4335: Camctrl RecvThread Start, ThreadId[-2137573632]
[2020-04-19 17:44:21] | CInterfaceManager.cpp-L4149: Camctrl DisplayThread Start, ThreadId[1946154752]
[2020-04-19 17:44:37] | CInterfaceManager.cpp-L4678: CamCtrl[2020009], U3V SDKVersion(1020009), DriverVersion(0)
[2020-04-19 17:44:38] | CInterfaceManager.cpp-L1066: remalloc RecvBuf succeed, [2623488]
[2020-04-19 17:44:38] | CInterfaceManager.cpp-L4335: Camctrl RecvThread Start, ThreadId[394258176]
[2020-04-19 17:44:38] | CInterfaceManager.cpp-L4149: Camctrl DisplayThread Start, ThreadId[385865472]
[2020-04-19 17:47:46] | CInterfaceManager.cpp-L4678: CamCtrl[2020009], U3V SDKVersion(1020009), DriverVersion(0)
[2020-04-19 17:47:47] | CInterfaceManager.cpp-L1066: remalloc RecvBuf succeed, [2623488]
[2020-04-19 17:47:47] | CInterfaceManager.cpp-L4335: Camctrl RecvThread Start, ThreadId[1451214592]
[2020-04-19 17:47:47] | CInterfaceManager.cpp-L4149: Camctrl DisplayThread Start, ThreadId[1442821888]
[2020-04-19 17:48:44] | CInterfaceManager.cpp-L4678: CamCtrl[2020009], U3V SDKVersion(1020009), DriverVersion(0)
[2020-04-19 17:48:45] | CInterfaceManager.cpp-L1066: remalloc RecvBuf succeed, [2623488]
[2020-04-19 17:48:45] | CInterfaceManager.cpp-L4335: Camctrl RecvThread Start, ThreadId[-134220032]
[2020-04-19 17:48:45] | CInterfaceManager.cpp-L4149: Camctrl DisplayThread Start, ThreadId[-142612736]
[2020-04-19 17:50:06] | CInterfaceManager.cpp-L4678: CamCtrl[2020009], U3V SDKVersion(1020009), DriverVersion(0)
[2020-04-19 17:50:07] | CInterfaceManager.cpp-L1066: remalloc RecvBuf succeed, [2623488]
[2020-04-19 17:50:07] | CInterfaceManager.cpp-L4335: Camctrl RecvThread Start, ThreadId[-646592768]
[2020-04-19 17:50:07] | CInterfaceManager.cpp-L4149: Camctrl DisplayThread Start, ThreadId[-654985472]
[2020-04-21 09:42:29] | CInterfaceManager.cpp-L4678: CamCtrl[2020009], U3V SDKVersion(1020009), DriverVersion(0)
[2020-04-21 09:42:29] | CInterfaceManager.cpp-L1066: remalloc RecvBuf succeed, [2623488]
[2020-04-21 09:42:29] | CInterfaceManager.cpp-L4335: Camctrl RecvThread Start, ThreadId[-1476397312]
[2020-04-21 09:42:29] | CInterfaceManager.cpp-L4149: Camctrl DisplayThread Start, ThreadId[-1484790016]
[2020-04-21 09:44:27] | CInterfaceManager.cpp-L4678: CamCtrl[2020009], U3V SDKVersion(1020009), DriverVersion(0)
[2020-04-21 09:44:28] | CInterfaceManager.cpp-L1066: remalloc RecvBuf succeed, [2623488]
[2020-04-21 09:44:28] | CInterfaceManager.cpp-L4335: Camctrl RecvThread Start, ThreadId[1048561408]
[2020-04-21 09:44:28] | CInterfaceManager.cpp-L4149: Camctrl DisplayThread Start, ThreadId[1040168704]
[2020-04-21 09:44:57] | CInterfaceManager.cpp-L4678: CamCtrl[2020009], U3V SDKVersion(1020009), DriverVersion(0)
[2020-04-21 09:44:58] | CInterfaceManager.cpp-L1066: remalloc RecvBuf succeed, [2623488]
[2020-04-21 09:44:58] | CInterfaceManager.cpp-L4335: Camctrl RecvThread Start, ThreadId[-630270208]
[2020-04-21 09:44:58] | CInterfaceManager.cpp-L4149: Camctrl DisplayThread Start, ThreadId[-638662912]
[2020-04-21 09:45:41] | CInterfaceManager.cpp-L4678: CamCtrl[2020009], U3V SDKVersion(1020009), DriverVersion(0)
[2020-04-21 09:45:42] | CInterfaceManager.cpp-L1066: remalloc RecvBuf succeed, [2623488]
[2020-04-21 09:45:42] | CInterfaceManager.cpp-L4335: Camctrl RecvThread Start, ThreadId[-643967232]
[2020-04-21 09:45:42] | CInterfaceManager.cpp-L4149: Camctrl DisplayThread Start, ThreadId[-652359936]
[2020-04-21 09:50:57] | CInterfaceManager.cpp-L4678: CamCtrl[2020009], U3V SDKVersion(1020009), DriverVersion(0)
[2020-04-21 09:50:58] | CInterfaceManager.cpp-L1066: remalloc RecvBuf succeed, [2623488]
[2020-04-21 09:50:58] | CInterfaceManager.cpp-L4335: Camctrl RecvThread Start, ThreadId[-25180416]
[2020-04-21 09:50:58] | CInterfaceManager.cpp-L4149: Camctrl DisplayThread Start, ThreadId[-33573120]
[2020-04-21 09:51:30] | CInterfaceManager.cpp-L4678: CamCtrl[2020009], U3V SDKVersion(1020009), DriverVersion(0)
[2020-04-21 09:51:31] | CInterfaceManager.cpp-L1066: remalloc RecvBuf succeed, [2623488]
[2020-04-21 09:51:31] | CInterfaceManager.cpp-L4335: Camctrl RecvThread Start, ThreadId[-620767488]
[2020-04-21 09:51:31] | CInterfaceManager.cpp-L4149: Camctrl DisplayThread Start, ThreadId[-629160192]
[2020-04-21 09:51:36] | CInterfaceManager.cpp-L4678: CamCtrl[2020009], U3V SDKVersion(1020009), DriverVersion(0)
[2020-04-21 09:51:37] | CInterfaceManager.cpp-L1066: remalloc RecvBuf succeed, [2623488]
[2020-04-21 09:51:37] | CInterfaceManager.cpp-L4335: Camctrl RecvThread Start, ThreadId[1795151616]
[2020-04-21 09:51:37] | CInterfaceManager.cpp-L4149: Camctrl DisplayThread Start, ThreadId[1786758912]
[2020-04-21 09:59:39] | CInterfaceManager.cpp-L4678: CamCtrl[2020009], U3V SDKVersion(1020009), DriverVersion(0)
[2020-04-21 09:59:40] | CInterfaceManager.cpp-L1066: remalloc RecvBuf succeed, [2623488]
[2020-04-21 09:59:40] | CInterfaceManager.cpp-L4335: Camctrl RecvThread Start, ThreadId[1430963968]
[2020-04-21 09:59:40] | CInterfaceManager.cpp-L4149: Camctrl DisplayThread Start, ThreadId[1422571264]
